<?xml version="1.0" encoding="UTF-8"?>
<!-- Generated by org.testng.reporters.JUnitReportReporter -->
<testsuite hostname="Abhi1996" failures="0" tests="1" name="testCases.TC_02_LoginToAccount" time="2.808" errors="0" timestamp="2025-06-07T21:05:14 IST" skipped="0">
  <testcase classname="testCases.TC_02_LoginToAccount" name="Verify_login" time="2.808"/>
</testsuite> <!-- testCases.TC_02_LoginToAccount -->
