<?xml version="1.0" encoding="UTF-8"?>
<!-- Generated by org.testng.reporters.JUnitReportReporter -->
<testsuite hostname="Abhi1996" failures="0" tests="1" name="testCases.TC_02_LoginToAccount" time="2.809" errors="0" timestamp="2025-06-07T13:34:23 IST" skipped="0">
  <testcase classname="testCases.TC_02_LoginToAccount" name="Verify_login" time="2.809"/>
</testsuite> <!-- testCases.TC_02_LoginToAccount -->
