<?xml version="1.0" encoding="UTF-8"?>
<!-- Generated by org.testng.reporters.JUnitReportReporter -->
<testsuite hostname="Abhi1996" failures="0" tests="1" name="testCases.Tc_01_AccountRegistration" time="9.436" errors="0" timestamp="2025-06-07T13:34:23 IST" skipped="0">
  <testcase classname="testCases.Tc_01_AccountRegistration" name="Verify_Account_registration" time="9.436"/>
</testsuite> <!-- testCases.Tc_01_AccountRegistration -->
